#
# There is insufficient memory for the Java Runtime Environment to continue.
# Native memory allocation (malloc) failed to allocate 1109936 bytes for Chunk::new
# Possible reasons:
#   The system is out of physical RAM or swap space
#   The process is running with CompressedOops enabled, and the Java Heap may be blocking the growth of the native heap
# Possible solutions:
#   Reduce memory load on the system
#   Increase physical memory or swap space
#   Check if swap backing store is full
#   Decrease Java heap size (-Xmx/-Xms)
#   Decrease number of Java threads
#   Decrease Java thread stack sizes (-Xss)
#   Set larger code cache with -XX:ReservedCodeCacheSize=
#   JVM is running with Unscaled Compressed Oops mode in which the Java heap is
#     placed in the first 4GB address space. The Java Heap base address is the
#     maximum limit for the native heap growth. Please use -XX:HeapBaseMinAddress
#     to set the Java Heap base and to place the Java Heap above 4GB virtual address.
# This output file may be truncated or incomplete.
#
#  Out of Memory Error (./src/hotspot/share/memory/arena.cpp:197), pid=2316, tid=9356
#
# JRE version: OpenJDK Runtime Environment (11.0.11+9) (build 11.0.11+9-b60-7590822)
# Java VM: OpenJDK 64-Bit Server VM (11.0.11+9-b60-7590822, mixed mode, tiered, compressed oops, g1 gc, windows-amd64)
# No core dump will be written. Minidumps are not enabled by default on client versions of Windows
#

---------------  S U M M A R Y ------------

Command Line: --add-opens=java.base/java.util=ALL-UNNAMED --add-opens=java.base/java.lang=ALL-UNNAMED --add-opens=java.base/java.lang.invoke=ALL-UNNAMED --add-opens=java.base/java.util=ALL-UNNAMED --add-opens=java.prefs/java.util.prefs=ALL-UNNAMED --add-opens=java.prefs/java.util.prefs=ALL-UNNAMED --add-opens=java.base/java.nio.charset=ALL-UNNAMED --add-opens=java.base/java.net=ALL-UNNAMED --add-opens=java.base/java.util.concurrent.atomic=ALL-UNNAMED -Xmx2048m -Dfile.encoding=UTF-8 -Duser.country=US -Duser.language=en -Duser.variant org.gradle.launcher.daemon.bootstrap.GradleDaemon 7.2

Host: Intel(R) Core(TM) i5-5300U CPU @ 2.30GHz, 4 cores, 7G,  Windows 10 , 64 bit Build 19041 (10.0.19041.1566)
Time: Wed Mar  9 11:30:26 2022 Morocco Daylight Time elapsed time: 35.734559 seconds (0d 0h 0m 35s)

---------------  T H R E A D  ---------------

Current thread (0x000001cb1fb31000):  JavaThread "C2 CompilerThread0" daemon [_thread_in_native, id=9356, stack(0x0000003c82300000,0x0000003c82400000)]


Current CompileTask:
C2:  35734 5413       4       java.util.regex.Pattern::compile (498 bytes)

Stack: [0x0000003c82300000,0x0000003c82400000]
Native frames: (J=compiled Java code, j=interpreted, Vv=VM code, C=native code)
V  [jvm.dll+0x5f214a]
V  [jvm.dll+0x726fb5]
V  [jvm.dll+0x7285cd]
V  [jvm.dll+0x728c83]
V  [jvm.dll+0x243278]
V  [jvm.dll+0xbc53c]
V  [jvm.dll+0xbca3c]
V  [jvm.dll+0x353e3b]
V  [jvm.dll+0x321893]
V  [jvm.dll+0x320d8a]
V  [jvm.dll+0x1fc1e2]
V  [jvm.dll+0x1fb3d4]
V  [jvm.dll+0x183d6c]
V  [jvm.dll+0x209a57]
V  [jvm.dll+0x2082a1]
V  [jvm.dll+0x6ef58f]
V  [jvm.dll+0x6e80b5]
V  [jvm.dll+0x5f1036]
C  [ucrtbase.dll+0x21bb2]
C  [KERNEL32.DLL+0x17034]
C  [ntdll.dll+0x52651]


---------------  P R O C E S S  ---------------

Threads class SMR info:
_java_thread_list=0x000001cb23efb0a0, length=77, elements={
0x000001cb05f33800, 0x000001cb1fb11000, 0x000001cb1fb12000, 0x000001cb1fb29000,
0x000001cb1fb2a000, 0x000001cb1fb2c000, 0x000001cb1fb31000, 0x000001cb1fb5c800,
0x000001cb1fb5d800, 0x000001cb205cf800, 0x000001cb2184b000, 0x000001cb2291f000,
0x000001cb22f2a000, 0x000001cb22e6a000, 0x000001cb21923000, 0x000001cb22a3d800,
0x000001cb21be5800, 0x000001cb21c0e000, 0x000001cb2370a800, 0x000001cb22bfd800,
0x000001cb22bfe000, 0x000001cb22bff000, 0x000001cb22bfb000, 0x000001cb22bfc800,
0x000001cb22c00800, 0x000001cb22c00000, 0x000001cb22c01800, 0x000001cb22bfb800,
0x000001cb205ec000, 0x000001cb205e7000, 0x000001cb205ed800, 0x000001cb205ed000,
0x000001cb205f3800, 0x000001cb205f4000, 0x000001cb205f5000, 0x000001cb205ef000,
0x000001cb205f6000, 0x000001cb205f0000, 0x000001cb205f1000, 0x000001cb205f1800,
0x000001cb25c93800, 0x000001cb25c91000, 0x000001cb25c92000, 0x000001cb25c96000,
0x000001cb25c92800, 0x000001cb25c94000, 0x000001cb25c95000, 0x000001cb25c90000,
0x000001cb25c96800, 0x000001cb2118e000, 0x000001cb21189000, 0x000001cb2118c800,
0x000001cb21188800, 0x000001cb21190000, 0x000001cb2118a000, 0x000001cb2118f000,
0x000001cb2118d800, 0x000001cb21190800, 0x000001cb2118b000, 0x000001cb21191800,
0x000001cb2118b800, 0x000001cb21196800, 0x000001cb21197000, 0x000001cb21193000,
0x000001cb21192000, 0x000001cb21195800, 0x000001cb21194000, 0x000001cb21194800,
0x000001cb21eb2800, 0x000001cb21eb5000, 0x000001cb21eb4000, 0x000001cb21eb1800,
0x000001cb21eb5800, 0x000001cb21eb3800, 0x000001cb21eb6800, 0x000001cb21eb1000,
0x000001cb21ebd000
}

Java Threads: ( => current thread )
  0x000001cb05f33800 JavaThread "main" [_thread_blocked, id=10784, stack(0x0000003c81700000,0x0000003c81800000)]
  0x000001cb1fb11000 JavaThread "Reference Handler" daemon [_thread_blocked, id=6716, stack(0x0000003c81e00000,0x0000003c81f00000)]
  0x000001cb1fb12000 JavaThread "Finalizer" daemon [_thread_blocked, id=16080, stack(0x0000003c81f00000,0x0000003c82000000)]
  0x000001cb1fb29000 JavaThread "Signal Dispatcher" daemon [_thread_blocked, id=15128, stack(0x0000003c82000000,0x0000003c82100000)]
  0x000001cb1fb2a000 JavaThread "Attach Listener" daemon [_thread_blocked, id=14632, stack(0x0000003c82100000,0x0000003c82200000)]
  0x000001cb1fb2c000 JavaThread "Service Thread" daemon [_thread_blocked, id=7496, stack(0x0000003c82200000,0x0000003c82300000)]
=>0x000001cb1fb31000 JavaThread "C2 CompilerThread0" daemon [_thread_in_native, id=9356, stack(0x0000003c82300000,0x0000003c82400000)]
  0x000001cb1fb5c800 JavaThread "C1 CompilerThread0" daemon [_thread_blocked, id=3288, stack(0x0000003c82400000,0x0000003c82500000)]
  0x000001cb1fb5d800 JavaThread "Sweeper thread" daemon [_thread_blocked, id=6004, stack(0x0000003c82500000,0x0000003c82600000)]
  0x000001cb205cf800 JavaThread "Common-Cleaner" daemon [_thread_blocked, id=7736, stack(0x0000003c82600000,0x0000003c82700000)]
  0x000001cb2184b000 JavaThread "Daemon health stats" [_thread_blocked, id=1988, stack(0x0000003c82b00000,0x0000003c82c00000)]
  0x000001cb2291f000 JavaThread "Incoming local TCP Connector on port 51839" [_thread_in_native, id=5844, stack(0x0000003c82a00000,0x0000003c82b00000)]
  0x000001cb22f2a000 JavaThread "Daemon periodic checks" [_thread_blocked, id=17376, stack(0x0000003c82c00000,0x0000003c82d00000)]
  0x000001cb22e6a000 JavaThread "Daemon" [_thread_blocked, id=7108, stack(0x0000003c82d00000,0x0000003c82e00000)]
  0x000001cb21923000 JavaThread "Handler for socket connection from /127.0.0.1:51839 to /127.0.0.1:51840" [_thread_in_native, id=3228, stack(0x0000003c82e00000,0x0000003c82f00000)]
  0x000001cb22a3d800 JavaThread "Cancel handler" [_thread_blocked, id=1852, stack(0x0000003c82f00000,0x0000003c83000000)]
  0x000001cb21be5800 JavaThread "Daemon worker" [_thread_in_Java, id=1864, stack(0x0000003c83000000,0x0000003c83100000)]
  0x000001cb21c0e000 JavaThread "Asynchronous log dispatcher for DefaultDaemonConnection: socket connection from /127.0.0.1:51839 to /127.0.0.1:51840" [_thread_blocked, id=3244, stack(0x0000003c83100000,0x0000003c83200000)]
  0x000001cb2370a800 JavaThread "Stdin handler" [_thread_blocked, id=16580, stack(0x0000003c83200000,0x0000003c83300000)]
  0x000001cb22bfd800 JavaThread "Daemon client event forwarder" [_thread_blocked, id=16744, stack(0x0000003c83300000,0x0000003c83400000)]
  0x000001cb22bfe000 JavaThread "Cache worker for journal cache (C:\Users\Noureddine\.gradle\caches\journal-1)" [_thread_blocked, id=11404, stack(0x0000003c83500000,0x0000003c83600000)]
  0x000001cb22bff000 JavaThread "File lock request listener" [_thread_in_native, id=12500, stack(0x0000003c83600000,0x0000003c83700000)]
  0x000001cb22bfb000 JavaThread "Cache worker for file hash cache (C:\Users\Noureddine\.gradle\caches\7.2\fileHashes)" [_thread_blocked, id=188, stack(0x0000003c83700000,0x0000003c83800000)]
  0x000001cb22bfc800 JavaThread "Cache worker for file hash cache (C:\Users\Noureddine\AndroidStudioProjects\MyApplication2\.gradle\7.2\fileHashes)" [_thread_blocked, id=8476, stack(0x0000003c83800000,0x0000003c83900000)]
  0x000001cb22c00800 JavaThread "File watcher server" daemon [_thread_in_native, id=3156, stack(0x0000003c83900000,0x0000003c83a00000)]
  0x000001cb22c00000 JavaThread "File watcher consumer" daemon [_thread_blocked, id=6012, stack(0x0000003c83a00000,0x0000003c83b00000)]
  0x000001cb22c01800 JavaThread "Cache worker for checksums cache (C:\Users\Noureddine\AndroidStudioProjects\MyApplication2\.gradle\checksums)" [_thread_blocked, id=364, stack(0x0000003c83b00000,0x0000003c83c00000)]
  0x000001cb22bfb800 JavaThread "Cache worker for cache directory md-supplier (C:\Users\Noureddine\.gradle\caches\7.2\md-supplier)" [_thread_blocked, id=12252, stack(0x0000003c83c00000,0x0000003c83d00000)]
  0x000001cb205ec000 JavaThread "Cache worker for cache directory md-rule (C:\Users\Noureddine\.gradle\caches\7.2\md-rule)" [_thread_blocked, id=16904, stack(0x0000003c83d00000,0x0000003c83e00000)]
  0x000001cb205e7000 JavaThread "Cache worker for execution history cache (C:\Users\Noureddine\.gradle\caches\7.2\executionHistory)" [_thread_blocked, id=1084, stack(0x0000003c83e00000,0x0000003c83f00000)]
  0x000001cb205ed800 JavaThread "jar transforms" [_thread_blocked, id=4512, stack(0x0000003c84000000,0x0000003c84100000)]
  0x000001cb205ed000 JavaThread "Cache worker for file content cache (C:\Users\Noureddine\.gradle\caches\7.2\fileContent)" [_thread_blocked, id=15228, stack(0x0000003c84100000,0x0000003c84200000)]
  0x000001cb205f3800 JavaThread "jar transforms Thread 2" [_thread_blocked, id=14692, stack(0x0000003c83f00000,0x0000003c84000000)]
  0x000001cb205f4000 JavaThread "Cache worker for dependencies-accessors (C:\Users\Noureddine\AndroidStudioProjects\MyApplication2\.gradle\7.2\dependencies-accessors)" [_thread_blocked, id=14312, stack(0x0000003c84200000,0x0000003c84300000)]
  0x000001cb205f5000 JavaThread "jar transforms Thread 3" [_thread_blocked, id=12212, stack(0x0000003c84300000,0x0000003c84400000)]
  0x000001cb205ef000 JavaThread "Cache worker for Build Output Cleanup Cache (C:\Users\Noureddine\AndroidStudioProjects\MyApplication2\.gradle\buildOutputCleanup)" [_thread_blocked, id=15488, stack(0x0000003c81600000,0x0000003c81700000)]
  0x000001cb205f6000 JavaThread "Unconstrained build operations" [_thread_blocked, id=9816, stack(0x0000003c84400000,0x0000003c84500000)]
  0x000001cb205f0000 JavaThread "Unconstrained build operations Thread 2" [_thread_blocked, id=14032, stack(0x0000003c84500000,0x0000003c84600000)]
  0x000001cb205f1000 JavaThread "Unconstrained build operations Thread 3" [_thread_blocked, id=8716, stack(0x0000003c84600000,0x0000003c84700000)]
  0x000001cb205f1800 JavaThread "Unconstrained build operations Thread 4" [_thread_blocked, id=4912, stack(0x0000003c84700000,0x0000003c84800000)]
  0x000001cb25c93800 JavaThread "Unconstrained build operations Thread 5" [_thread_blocked, id=11072, stack(0x0000003c84800000,0x0000003c84900000)]
  0x000001cb25c91000 JavaThread "Unconstrained build operations Thread 6" [_thread_blocked, id=7412, stack(0x0000003c84900000,0x0000003c84a00000)]
  0x000001cb25c92000 JavaThread "Unconstrained build operations Thread 7" [_thread_blocked, id=7060, stack(0x0000003c84a00000,0x0000003c84b00000)]
  0x000001cb25c96000 JavaThread "Unconstrained build operations Thread 8" [_thread_blocked, id=12312, stack(0x0000003c84b00000,0x0000003c84c00000)]
  0x000001cb25c92800 JavaThread "Unconstrained build operations Thread 9" [_thread_blocked, id=7320, stack(0x0000003c84c00000,0x0000003c84d00000)]
  0x000001cb25c94000 JavaThread "Unconstrained build operations Thread 10" [_thread_blocked, id=13264, stack(0x0000003c84d00000,0x0000003c84e00000)]
  0x000001cb25c95000 JavaThread "Unconstrained build operations Thread 11" [_thread_blocked, id=12792, stack(0x0000003c84e00000,0x0000003c84f00000)]
  0x000001cb25c90000 JavaThread "Unconstrained build operations Thread 12" [_thread_blocked, id=2392, stack(0x0000003c84f00000,0x0000003c85000000)]
  0x000001cb25c96800 JavaThread "Unconstrained build operations Thread 13" [_thread_blocked, id=4020, stack(0x0000003c85000000,0x0000003c85100000)]
  0x000001cb2118e000 JavaThread "Unconstrained build operations Thread 14" [_thread_blocked, id=3668, stack(0x0000003c85100000,0x0000003c85200000)]
  0x000001cb21189000 JavaThread "Unconstrained build operations Thread 15" [_thread_blocked, id=3184, stack(0x0000003c85200000,0x0000003c85300000)]
  0x000001cb2118c800 JavaThread "Unconstrained build operations Thread 16" [_thread_blocked, id=2860, stack(0x0000003c85300000,0x0000003c85400000)]
  0x000001cb21188800 JavaThread "Unconstrained build operations Thread 17" [_thread_blocked, id=3656, stack(0x0000003c85400000,0x0000003c85500000)]
  0x000001cb21190000 JavaThread "Unconstrained build operations Thread 18" [_thread_blocked, id=14916, stack(0x0000003c85500000,0x0000003c85600000)]
  0x000001cb2118a000 JavaThread "Unconstrained build operations Thread 19" [_thread_blocked, id=6392, stack(0x0000003c85600000,0x0000003c85700000)]
  0x000001cb2118f000 JavaThread "Unconstrained build operations Thread 20" [_thread_blocked, id=14512, stack(0x0000003c85700000,0x0000003c85800000)]
  0x000001cb2118d800 JavaThread "Unconstrained build operations Thread 21" [_thread_blocked, id=13668, stack(0x0000003c85800000,0x0000003c85900000)]
  0x000001cb21190800 JavaThread "Unconstrained build operations Thread 22" [_thread_blocked, id=16700, stack(0x0000003c85900000,0x0000003c85a00000)]
  0x000001cb2118b000 JavaThread "Unconstrained build operations Thread 23" [_thread_blocked, id=6612, stack(0x0000003c85a00000,0x0000003c85b00000)]
  0x000001cb21191800 JavaThread "Unconstrained build operations Thread 24" [_thread_blocked, id=12788, stack(0x0000003c85b00000,0x0000003c85c00000)]
  0x000001cb2118b800 JavaThread "Unconstrained build operations Thread 25" [_thread_blocked, id=11144, stack(0x0000003c85c00000,0x0000003c85d00000)]
  0x000001cb21196800 JavaThread "Unconstrained build operations Thread 26" [_thread_blocked, id=10600, stack(0x0000003c85d00000,0x0000003c85e00000)]
  0x000001cb21197000 JavaThread "Unconstrained build operations Thread 27" [_thread_blocked, id=15164, stack(0x0000003c85e00000,0x0000003c85f00000)]
  0x000001cb21193000 JavaThread "Unconstrained build operations Thread 28" [_thread_blocked, id=10860, stack(0x0000003c85f00000,0x0000003c86000000)]
  0x000001cb21192000 JavaThread "Unconstrained build operations Thread 29" [_thread_blocked, id=16268, stack(0x0000003c86000000,0x0000003c86100000)]
  0x000001cb21195800 JavaThread "Unconstrained build operations Thread 30" [_thread_blocked, id=17124, stack(0x0000003c86100000,0x0000003c86200000)]
  0x000001cb21194000 JavaThread "Unconstrained build operations Thread 31" [_thread_blocked, id=11592, stack(0x0000003c86200000,0x0000003c86300000)]
  0x000001cb21194800 JavaThread "Unconstrained build operations Thread 32" [_thread_blocked, id=15896, stack(0x0000003c86300000,0x0000003c86400000)]
  0x000001cb21eb2800 JavaThread "Unconstrained build operations Thread 33" [_thread_blocked, id=10424, stack(0x0000003c86400000,0x0000003c86500000)]
  0x000001cb21eb5000 JavaThread "Unconstrained build operations Thread 34" [_thread_blocked, id=17288, stack(0x0000003c86500000,0x0000003c86600000)]
  0x000001cb21eb4000 JavaThread "Unconstrained build operations Thread 35" [_thread_blocked, id=14688, stack(0x0000003c86600000,0x0000003c86700000)]
  0x000001cb21eb1800 JavaThread "Unconstrained build operations Thread 36" [_thread_blocked, id=17396, stack(0x0000003c86700000,0x0000003c86800000)]
  0x000001cb21eb5800 JavaThread "Unconstrained build operations Thread 37" [_thread_blocked, id=7408, stack(0x0000003c86800000,0x0000003c86900000)]
  0x000001cb21eb3800 JavaThread "Unconstrained build operations Thread 38" [_thread_blocked, id=15620, stack(0x0000003c86900000,0x0000003c86a00000)]
  0x000001cb21eb6800 JavaThread "Unconstrained build operations Thread 39" [_thread_blocked, id=15280, stack(0x0000003c86a00000,0x0000003c86b00000)]
  0x000001cb21eb1000 JavaThread "Unconstrained build operations Thread 40" [_thread_blocked, id=8892, stack(0x0000003c86b00000,0x0000003c86c00000)]
  0x000001cb21ebd000 JavaThread "jar transforms Thread 4" [_thread_blocked, id=16104, stack(0x0000003c86c00000,0x0000003c86d00000)]

Other Threads:
  0x000001cb1fb0a000 VMThread "VM Thread" [stack: 0x0000003c81d00000,0x0000003c81e00000] [id=5576]
  0x000001cb205e5800 WatcherThread [stack: 0x0000003c82700000,0x0000003c82800000] [id=4628]
  0x000001cb05f48000 GCTaskThread "GC Thread#0" [stack: 0x0000003c81800000,0x0000003c81900000] [id=3208]
  0x000001cb208af000 GCTaskThread "GC Thread#1" [stack: 0x0000003c82800000,0x0000003c82900000] [id=15416]
  0x000001cb20a1c000 GCTaskThread "GC Thread#2" [stack: 0x0000003c82900000,0x0000003c82a00000] [id=5384]
  0x000001cb239d5800 GCTaskThread "GC Thread#3" [stack: 0x0000003c83400000,0x0000003c83500000] [id=3532]
  0x000001cb05f77800 ConcurrentGCThread "G1 Main Marker" [stack: 0x0000003c81900000,0x0000003c81a00000] [id=9552]
  0x000001cb05f79000 ConcurrentGCThread "G1 Conc#0" [stack: 0x0000003c81a00000,0x0000003c81b00000] [id=11852]
  0x000001cb0600a800 ConcurrentGCThread "G1 Refine#0" [stack: 0x0000003c81b00000,0x0000003c81c00000] [id=16640]
  0x000001cb0600b800 ConcurrentGCThread "G1 Young RemSet Sampling" [stack: 0x0000003c81c00000,0x0000003c81d00000] [id=15464]

Threads with active compile tasks:
C2 CompilerThread0  35801 5413       4       java.util.regex.Pattern::compile (498 bytes)

VM state:not at safepoint (normal execution)

VM Mutex/Monitor currently owned by a thread: None

Heap address: 0x0000000080000000, size: 2048 MB, Compressed Oops mode: 32-bit
Narrow klass base: 0x0000000000000000, Narrow klass shift: 3
Compressed class space size: 1073741824 Address: 0x0000000100000000

Heap:
 garbage-first heap   total 157696K, used 96057K [0x0000000080000000, 0x0000000100000000)
  region size 1024K, 67 young (68608K), 7 survivors (7168K)
 Metaspace       used 48597K, capacity 49791K, committed 49916K, reserved 1093632K
  class space    used 6187K, capacity 6659K, committed 6784K, reserved 1048576K
Heap Regions: E=young(eden), S=young(survivor), O=old, HS=humongous(starts), HC=humongous(continues), CS=collection set, F=free, A=archive, TAMS=top-at-mark-start (previous, next)
|   0|0x0000000080000000, 0x0000000080100000, 0x0000000080100000|100%| O|  |TAMS 0x0000000080100000, 0x0000000080000000| Untracked 
|   1|0x0000000080100000, 0x0000000080200000, 0x0000000080200000|100%| O|  |TAMS 0x0000000080200000, 0x0000000080100000| Untracked 
|   2|0x0000000080200000, 0x0000000080300000, 0x0000000080300000|100%| O|  |TAMS 0x0000000080300000, 0x0000000080200000| Untracked 
|   3|0x0000000080300000, 0x0000000080400000, 0x0000000080400000|100%|HS|  |TAMS 0x0000000080400000, 0x0000000080300000| Complete 
|   4|0x0000000080400000, 0x0000000080500000, 0x0000000080500000|100%|HC|  |TAMS 0x0000000080500000, 0x0000000080400000| Complete 
|   5|0x0000000080500000, 0x0000000080600000, 0x0000000080600000|100%|HC|  |TAMS 0x0000000080600000, 0x0000000080500000| Complete 
|   6|0x0000000080600000, 0x0000000080700000, 0x0000000080700000|100%| O|  |TAMS 0x0000000080700000, 0x0000000080600000| Untracked 
|   7|0x0000000080700000, 0x0000000080800000, 0x0000000080800000|100%| O|  |TAMS 0x0000000080800000, 0x0000000080700000| Untracked 
|   8|0x0000000080800000, 0x0000000080900000, 0x0000000080900000|100%| O|  |TAMS 0x0000000080900000, 0x0000000080800000| Untracked 
|   9|0x0000000080900000, 0x0000000080a00000, 0x0000000080a00000|100%| O|  |TAMS 0x0000000080a00000, 0x0000000080900000| Untracked 
|  10|0x0000000080a00000, 0x0000000080b00000, 0x0000000080b00000|100%| O|  |TAMS 0x0000000080b00000, 0x0000000080a00000| Untracked 
|  11|0x0000000080b00000, 0x0000000080c00000, 0x0000000080c00000|100%| O|  |TAMS 0x0000000080c00000, 0x0000000080b00000| Untracked 
|  12|0x0000000080c00000, 0x0000000080d00000, 0x0000000080d00000|100%| O|  |TAMS 0x0000000080d00000, 0x0000000080c00000| Untracked 
|  13|0x0000000080d00000, 0x0000000080e00000, 0x0000000080e00000|100%| O|  |TAMS 0x0000000080e00000, 0x0000000080d00000| Untracked 
|  14|0x0000000080e00000, 0x0000000080f00000, 0x0000000080f00000|100%| O|  |TAMS 0x0000000080f00000, 0x0000000080e00000| Untracked 
|  15|0x0000000080f00000, 0x0000000081000000, 0x0000000081000000|100%| O|  |TAMS 0x0000000081000000, 0x0000000080f00000| Untracked 
|  16|0x0000000081000000, 0x0000000081100000, 0x0000000081100000|100%| O|  |TAMS 0x0000000081100000, 0x0000000081000000| Untracked 
|  17|0x0000000081100000, 0x0000000081200000, 0x0000000081200000|100%| O|  |TAMS 0x0000000081200000, 0x0000000081100000| Untracked 
|  18|0x0000000081200000, 0x0000000081300000, 0x0000000081300000|100%| O|  |TAMS 0x00000000812dba00, 0x0000000081200000| Untracked 
|  19|0x0000000081300000, 0x0000000081400000, 0x0000000081400000|100%|HS|  |TAMS 0x0000000081300000, 0x0000000081300000| Complete 
|  20|0x0000000081400000, 0x0000000081500000, 0x0000000081500000|100%| O|  |TAMS 0x0000000081400000, 0x0000000081400000| Untracked 
|  21|0x0000000081500000, 0x0000000081600000, 0x0000000081600000|100%| O|  |TAMS 0x0000000081500000, 0x0000000081500000| Untracked 
|  22|0x0000000081600000, 0x0000000081700000, 0x0000000081700000|100%| O|  |TAMS 0x0000000081600000, 0x0000000081600000| Untracked 
|  23|0x0000000081700000, 0x00000000817d2200, 0x0000000081800000| 82%| O|  |TAMS 0x0000000081700000, 0x0000000081700000| Untracked 
|  24|0x0000000081800000, 0x0000000081900000, 0x0000000081900000|100%|HS|  |TAMS 0x0000000081800000, 0x0000000081800000| Complete 
|  25|0x0000000081900000, 0x0000000081a00000, 0x0000000081a00000|100%|HS|  |TAMS 0x0000000081900000, 0x0000000081900000| Complete 
|  26|0x0000000081a00000, 0x0000000081b00000, 0x0000000081b00000|100%|HS|  |TAMS 0x0000000081a00000, 0x0000000081a00000| Complete 
|  27|0x0000000081b00000, 0x0000000081c00000, 0x0000000081c00000|100%|HC|  |TAMS 0x0000000081b00000, 0x0000000081b00000| Complete 
|  28|0x0000000081c00000, 0x0000000081c00000, 0x0000000081d00000|  0%| F|  |TAMS 0x0000000081c00000, 0x0000000081c00000| Untracked 
|  29|0x0000000081d00000, 0x0000000081d00000, 0x0000000081e00000|  0%| F|  |TAMS 0x0000000081d00000, 0x0000000081d00000| Untracked 
|  30|0x0000000081e00000, 0x0000000081e00000, 0x0000000081f00000|  0%| F|  |TAMS 0x0000000081e00000, 0x0000000081e00000| Untracked 
|  31|0x0000000081f00000, 0x0000000081f00000, 0x0000000082000000|  0%| F|  |TAMS 0x0000000081f00000, 0x0000000081f00000| Untracked 
|  32|0x0000000082000000, 0x0000000082000000, 0x0000000082100000|  0%| F|  |TAMS 0x0000000082000000, 0x0000000082000000| Untracked 
|  33|0x0000000082100000, 0x0000000082100000, 0x0000000082200000|  0%| F|  |TAMS 0x0000000082100000, 0x0000000082100000| Untracked 
|  34|0x0000000082200000, 0x0000000082200000, 0x0000000082300000|  0%| F|  |TAMS 0x0000000082200000, 0x0000000082200000| Untracked 
|  35|0x0000000082300000, 0x0000000082300000, 0x0000000082400000|  0%| F|  |TAMS 0x0000000082300000, 0x0000000082300000| Untracked 
|  36|0x0000000082400000, 0x0000000082400000, 0x0000000082500000|  0%| F|  |TAMS 0x0000000082400000, 0x0000000082400000| Untracked 
|  37|0x0000000082500000, 0x0000000082500000, 0x0000000082600000|  0%| F|  |TAMS 0x0000000082500000, 0x0000000082500000| Untracked 
|  38|0x0000000082600000, 0x0000000082600000, 0x0000000082700000|  0%| F|  |TAMS 0x0000000082600000, 0x0000000082600000| Untracked 
|  39|0x0000000082700000, 0x0000000082700000, 0x0000000082800000|  0%| F|  |TAMS 0x0000000082700000, 0x0000000082700000| Untracked 
|  40|0x0000000082800000, 0x0000000082800000, 0x0000000082900000|  0%| F|  |TAMS 0x0000000082800000, 0x0000000082800000| Untracked 
|  41|0x0000000082900000, 0x0000000082900000, 0x0000000082a00000|  0%| F|  |TAMS 0x0000000082900000, 0x0000000082900000| Untracked 
|  42|0x0000000082a00000, 0x0000000082a00000, 0x0000000082b00000|  0%| F|  |TAMS 0x0000000082a00000, 0x0000000082a00000| Untracked 
|  43|0x0000000082b00000, 0x0000000082b00000, 0x0000000082c00000|  0%| F|  |TAMS 0x0000000082b00000, 0x0000000082b00000| Untracked 
|  44|0x0000000082c00000, 0x0000000082c00000, 0x0000000082d00000|  0%| F|  |TAMS 0x0000000082c00000, 0x0000000082c00000| Untracked 
|  45|0x0000000082d00000, 0x0000000082d00000, 0x0000000082e00000|  0%| F|  |TAMS 0x0000000082d00000, 0x0000000082d00000| Untracked 
|  46|0x0000000082e00000, 0x0000000082e00000, 0x0000000082f00000|  0%| F|  |TAMS 0x0000000082e00000, 0x0000000082e00000| Untracked 
|  47|0x0000000082f00000, 0x0000000082f00000, 0x0000000083000000|  0%| F|  |TAMS 0x0000000082f00000, 0x0000000082f00000| Untracked 
|  48|0x0000000083000000, 0x0000000083000000, 0x0000000083100000|  0%| F|  |TAMS 0x0000000083000000, 0x0000000083000000| Untracked 
|  49|0x0000000083100000, 0x0000000083100000, 0x0000000083200000|  0%| F|  |TAMS 0x0000000083100000, 0x0000000083100000| Untracked 
|  50|0x0000000083200000, 0x0000000083200000, 0x0000000083300000|  0%| F|  |TAMS 0x0000000083200000, 0x0000000083200000| Untracked 
|  51|0x0000000083300000, 0x0000000083300000, 0x0000000083400000|  0%| F|  |TAMS 0x0000000083300000, 0x0000000083300000| Untracked 
|  52|0x0000000083400000, 0x0000000083400000, 0x0000000083500000|  0%| F|  |TAMS 0x0000000083400000, 0x0000000083400000| Untracked 
|  53|0x0000000083500000, 0x0000000083500000, 0x0000000083600000|  0%| F|  |TAMS 0x0000000083500000, 0x0000000083500000| Untracked 
|  54|0x0000000083600000, 0x0000000083600000, 0x0000000083700000|  0%| F|  |TAMS 0x0000000083600000, 0x0000000083600000| Untracked 
|  55|0x0000000083700000, 0x0000000083700000, 0x0000000083800000|  0%| F|  |TAMS 0x0000000083700000, 0x0000000083700000| Untracked 
|  56|0x0000000083800000, 0x0000000083800000, 0x0000000083900000|  0%| F|  |TAMS 0x0000000083800000, 0x0000000083800000| Untracked 
|  57|0x0000000083900000, 0x0000000083900000, 0x0000000083a00000|  0%| F|  |TAMS 0x0000000083900000, 0x0000000083900000| Untracked 
|  58|0x0000000083a00000, 0x0000000083a00000, 0x0000000083b00000|  0%| F|  |TAMS 0x0000000083a00000, 0x0000000083a00000| Untracked 
|  59|0x0000000083b00000, 0x0000000083b00000, 0x0000000083c00000|  0%| F|  |TAMS 0x0000000083b00000, 0x0000000083b00000| Untracked 
|  60|0x0000000083c00000, 0x0000000083c00000, 0x0000000083d00000|  0%| F|  |TAMS 0x0000000083c00000, 0x0000000083c00000| Untracked 
|  61|0x0000000083d00000, 0x0000000083d00000, 0x0000000083e00000|  0%| F|  |TAMS 0x0000000083d00000, 0x0000000083d00000| Untracked 
|  62|0x0000000083e00000, 0x0000000083e00000, 0x0000000083f00000|  0%| F|  |TAMS 0x0000000083e00000, 0x0000000083e00000| Untracked 
|  63|0x0000000083f00000, 0x0000000083f00000, 0x0000000084000000|  0%| F|  |TAMS 0x0000000083f00000, 0x0000000083f00000| Untracked 
|  64|0x0000000084000000, 0x0000000084000000, 0x0000000084100000|  0%| F|  |TAMS 0x0000000084000000, 0x0000000084000000| Untracked 
|  65|0x0000000084100000, 0x0000000084100000, 0x0000000084200000|  0%| F|  |TAMS 0x0000000084100000, 0x0000000084100000| Untracked 
|  66|0x0000000084200000, 0x0000000084200000, 0x0000000084300000|  0%| F|  |TAMS 0x0000000084200000, 0x0000000084200000| Untracked 
|  67|0x0000000084300000, 0x0000000084300000, 0x0000000084400000|  0%| F|  |TAMS 0x0000000084300000, 0x0000000084300000| Untracked 
|  68|0x0000000084400000, 0x0000000084400000, 0x0000000084500000|  0%| F|  |TAMS 0x0000000084400000, 0x0000000084400000| Untracked 
|  69|0x0000000084500000, 0x0000000084500000, 0x0000000084600000|  0%| F|  |TAMS 0x0000000084500000, 0x0000000084500000| Untracked 
|  70|0x0000000084600000, 0x0000000084600000, 0x0000000084700000|  0%| F|  |TAMS 0x0000000084600000, 0x0000000084600000| Untracked 
|  71|0x0000000084700000, 0x0000000084700000, 0x0000000084800000|  0%| F|  |TAMS 0x0000000084700000, 0x0000000084700000| Untracked 
|  72|0x0000000084800000, 0x0000000084800000, 0x0000000084900000|  0%| F|  |TAMS 0x0000000084800000, 0x0000000084800000| Untracked 
|  73|0x0000000084900000, 0x0000000084900000, 0x0000000084a00000|  0%| F|  |TAMS 0x0000000084900000, 0x0000000084900000| Untracked 
|  74|0x0000000084a00000, 0x0000000084a00000, 0x0000000084b00000|  0%| F|  |TAMS 0x0000000084a00000, 0x0000000084a00000| Untracked 
|  75|0x0000000084b00000, 0x0000000084b00000, 0x0000000084c00000|  0%| F|  |TAMS 0x0000000084b00000, 0x0000000084b00000| Untracked 
|  76|0x0000000084c00000, 0x0000000084c00000, 0x0000000084d00000|  0%| F|  |TAMS 0x0000000084c00000, 0x0000000084c00000| Untracked 
|  77|0x0000000084d00000, 0x0000000084dfc4b0, 0x0000000084e00000| 98%| S|CS|TAMS 0x0000000084d00000, 0x0000000084d00000| Complete 
|  78|0x0000000084e00000, 0x0000000084f00000, 0x0000000084f00000|100%| S|CS|TAMS 0x0000000084e00000, 0x0000000084e00000| Complete 
|  79|0x0000000084f00000, 0x0000000085000000, 0x0000000085000000|100%| S|CS|TAMS 0x0000000084f00000, 0x0000000084f00000| Complete 
|  80|0x0000000085000000, 0x0000000085100000, 0x0000000085100000|100%| S|CS|TAMS 0x0000000085000000, 0x0000000085000000| Complete 
|  81|0x0000000085100000, 0x0000000085200000, 0x0000000085200000|100%| S|CS|TAMS 0x0000000085100000, 0x0000000085100000| Complete 
|  82|0x0000000085200000, 0x0000000085300000, 0x0000000085300000|100%| S|CS|TAMS 0x0000000085200000, 0x0000000085200000| Complete 
|  83|0x0000000085300000, 0x0000000085400000, 0x0000000085400000|100%| S|CS|TAMS 0x0000000085300000, 0x0000000085300000| Complete 
|  84|0x0000000085400000, 0x0000000085400000, 0x0000000085500000|  0%| F|  |TAMS 0x0000000085400000, 0x0000000085400000| Untracked 
|  85|0x0000000085500000, 0x0000000085500000, 0x0000000085600000|  0%| F|  |TAMS 0x0000000085500000, 0x0000000085500000| Untracked 
|  86|0x0000000085600000, 0x0000000085600000, 0x0000000085700000|  0%| F|  |TAMS 0x0000000085600000, 0x0000000085600000| Untracked 
|  87|0x0000000085700000, 0x0000000085700000, 0x0000000085800000|  0%| F|  |TAMS 0x0000000085700000, 0x0000000085700000| Untracked 
|  88|0x0000000085800000, 0x0000000085800000, 0x0000000085900000|  0%| F|  |TAMS 0x0000000085800000, 0x0000000085800000| Untracked 
|  89|0x0000000085900000, 0x0000000085900000, 0x0000000085a00000|  0%| F|  |TAMS 0x0000000085900000, 0x0000000085900000| Untracked 
|  90|0x0000000085a00000, 0x0000000085a00000, 0x0000000085b00000|  0%| F|  |TAMS 0x0000000085a00000, 0x0000000085a00000| Untracked 
|  91|0x0000000085b00000, 0x0000000085b00000, 0x0000000085c00000|  0%| F|  |TAMS 0x0000000085b00000, 0x0000000085b00000| Untracked 
|  92|0x0000000085c00000, 0x0000000085c00000, 0x0000000085d00000|  0%| F|  |TAMS 0x0000000085c00000, 0x0000000085c00000| Untracked 
|  93|0x0000000085d00000, 0x0000000085d00000, 0x0000000085e00000|  0%| F|  |TAMS 0x0000000085d00000, 0x0000000085d00000| Untracked 
|  94|0x0000000085e00000, 0x0000000085f00000, 0x0000000085f00000|100%| E|  |TAMS 0x0000000085e00000, 0x0000000085e00000| Complete 
|  95|0x0000000085f00000, 0x0000000086000000, 0x0000000086000000|100%| E|CS|TAMS 0x0000000085f00000, 0x0000000085f00000| Complete 
|  96|0x0000000086000000, 0x0000000086100000, 0x0000000086100000|100%| E|CS|TAMS 0x0000000086000000, 0x0000000086000000| Complete 
|  97|0x0000000086100000, 0x0000000086200000, 0x0000000086200000|100%| E|CS|TAMS 0x0000000086100000, 0x0000000086100000| Complete 
|  98|0x0000000086200000, 0x0000000086300000, 0x0000000086300000|100%| E|CS|TAMS 0x0000000086200000, 0x0000000086200000| Complete 
|  99|0x0000000086300000, 0x0000000086400000, 0x0000000086400000|100%| E|CS|TAMS 0x0000000086300000, 0x0000000086300000| Complete 
| 100|0x0000000086400000, 0x0000000086500000, 0x0000000086500000|100%| E|CS|TAMS 0x0000000086400000, 0x0000000086400000| Complete 
| 101|0x0000000086500000, 0x0000000086600000, 0x0000000086600000|100%| E|CS|TAMS 0x0000000086500000, 0x0000000086500000| Complete 
| 102|0x0000000086600000, 0x0000000086700000, 0x0000000086700000|100%| E|CS|TAMS 0x0000000086600000, 0x0000000086600000| Complete 
| 103|0x0000000086700000, 0x0000000086800000, 0x0000000086800000|100%| E|CS|TAMS 0x0000000086700000, 0x0000000086700000| Complete 
| 104|0x0000000086800000, 0x0000000086900000, 0x0000000086900000|100%| E|CS|TAMS 0x0000000086800000, 0x0000000086800000| Complete 
| 105|0x0000000086900000, 0x0000000086a00000, 0x0000000086a00000|100%| E|CS|TAMS 0x0000000086900000, 0x0000000086900000| Complete 
| 106|0x0000000086a00000, 0x0000000086b00000, 0x0000000086b00000|100%| E|CS|TAMS 0x0000000086a00000, 0x0000000086a00000| Complete 
| 107|0x0000000086b00000, 0x0000000086c00000, 0x0000000086c00000|100%| E|CS|TAMS 0x0000000086b00000, 0x0000000086b00000| Complete 
| 108|0x0000000086c00000, 0x0000000086d00000, 0x0000000086d00000|100%| E|CS|TAMS 0x0000000086c00000, 0x0000000086c00000| Complete 
| 109|0x0000000086d00000, 0x0000000086e00000, 0x0000000086e00000|100%| E|CS|TAMS 0x0000000086d00000, 0x0000000086d00000| Complete 
| 110|0x0000000086e00000, 0x0000000086f00000, 0x0000000086f00000|100%| E|CS|TAMS 0x0000000086e00000, 0x0000000086e00000| Complete 
| 111|0x0000000086f00000, 0x0000000087000000, 0x0000000087000000|100%| E|CS|TAMS 0x0000000086f00000, 0x0000000086f00000| Complete 
| 112|0x0000000087000000, 0x0000000087100000, 0x0000000087100000|100%| E|CS|TAMS 0x0000000087000000, 0x0000000087000000| Complete 
| 113|0x0000000087100000, 0x0000000087200000, 0x0000000087200000|100%| E|CS|TAMS 0x0000000087100000, 0x0000000087100000| Complete 
| 114|0x0000000087200000, 0x0000000087300000, 0x0000000087300000|100%| E|CS|TAMS 0x0000000087200000, 0x0000000087200000| Complete 
| 115|0x0000000087300000, 0x0000000087400000, 0x0000000087400000|100%| E|CS|TAMS 0x0000000087300000, 0x0000000087300000| Complete 
| 116|0x0000000087400000, 0x0000000087500000, 0x0000000087500000|100%| E|CS|TAMS 0x0000000087400000, 0x0000000087400000| Complete 
| 117|0x0000000087500000, 0x0000000087600000, 0x0000000087600000|100%| E|CS|TAMS 0x0000000087500000, 0x0000000087500000| Complete 
| 118|0x0000000087600000, 0x0000000087700000, 0x0000000087700000|100%| E|CS|TAMS 0x0000000087600000, 0x0000000087600000| Complete 
| 119|0x0000000087700000, 0x0000000087800000, 0x0000000087800000|100%| E|CS|TAMS 0x0000000087700000, 0x0000000087700000| Complete 
| 120|0x0000000087800000, 0x0000000087900000, 0x0000000087900000|100%| E|CS|TAMS 0x0000000087800000, 0x0000000087800000| Complete 
| 121|0x0000000087900000, 0x0000000087a00000, 0x0000000087a00000|100%| E|CS|TAMS 0x0000000087900000, 0x0000000087900000| Complete 
| 122|0x0000000087a00000, 0x0000000087b00000, 0x0000000087b00000|100%| E|CS|TAMS 0x0000000087a00000, 0x0000000087a00000| Complete 
| 123|0x0000000087b00000, 0x0000000087c00000, 0x0000000087c00000|100%| E|CS|TAMS 0x0000000087b00000, 0x0000000087b00000| Complete 
| 124|0x0000000087c00000, 0x0000000087d00000, 0x0000000087d00000|100%| E|CS|TAMS 0x0000000087c00000, 0x0000000087c00000| Complete 
| 125|0x0000000087d00000, 0x0000000087e00000, 0x0000000087e00000|100%| E|CS|TAMS 0x0000000087d00000, 0x0000000087d00000| Complete 
| 126|0x0000000087e00000, 0x0000000087f00000, 0x0000000087f00000|100%| E|CS|TAMS 0x0000000087e00000, 0x0000000087e00000| Complete 
| 127|0x0000000087f00000, 0x0000000088000000, 0x0000000088000000|100%| E|CS|TAMS 0x0000000087f00000, 0x0000000087f00000| Complete 
| 128|0x0000000088000000, 0x0000000088100000, 0x0000000088100000|100%| E|CS|TAMS 0x0000000088000000, 0x0000000088000000| Complete 
| 129|0x0000000088100000, 0x0000000088200000, 0x0000000088200000|100%| E|CS|TAMS 0x0000000088100000, 0x0000000088100000| Complete 
| 130|0x0000000088200000, 0x0000000088300000, 0x0000000088300000|100%| E|CS|TAMS 0x0000000088200000, 0x0000000088200000| Complete 
| 131|0x0000000088300000, 0x0000000088400000, 0x0000000088400000|100%| E|CS|TAMS 0x0000000088300000, 0x0000000088300000| Complete 
| 132|0x0000000088400000, 0x0000000088500000, 0x0000000088500000|100%| E|CS|TAMS 0x0000000088400000, 0x0000000088400000| Complete 
| 133|0x0000000088500000, 0x0000000088600000, 0x0000000088600000|100%| E|CS|TAMS 0x0000000088500000, 0x0000000088500000| Complete 
| 134|0x0000000088600000, 0x0000000088700000, 0x0000000088700000|100%| E|CS|TAMS 0x0000000088600000, 0x0000000088600000| Complete 
| 135|0x0000000088700000, 0x0000000088800000, 0x0000000088800000|100%| E|CS|TAMS 0x0000000088700000, 0x0000000088700000| Complete 
| 136|0x0000000088800000, 0x0000000088900000, 0x0000000088900000|100%| E|CS|TAMS 0x0000000088800000, 0x0000000088800000| Complete 
| 137|0x0000000088900000, 0x0000000088a00000, 0x0000000088a00000|100%| E|CS|TAMS 0x0000000088900000, 0x0000000088900000| Complete 
| 138|0x0000000088a00000, 0x0000000088b00000, 0x0000000088b00000|100%| E|CS|TAMS 0x0000000088a00000, 0x0000000088a00000| Complete 
| 139|0x0000000088b00000, 0x0000000088c00000, 0x0000000088c00000|100%| E|CS|TAMS 0x0000000088b00000, 0x0000000088b00000| Complete 
| 140|0x0000000088c00000, 0x0000000088d00000, 0x0000000088d00000|100%| E|CS|TAMS 0x0000000088c00000, 0x0000000088c00000| Complete 
| 141|0x0000000088d00000, 0x0000000088e00000, 0x0000000088e00000|100%| E|CS|TAMS 0x0000000088d00000, 0x0000000088d00000| Complete 
| 142|0x0000000088e00000, 0x0000000088f00000, 0x0000000088f00000|100%| E|CS|TAMS 0x0000000088e00000, 0x0000000088e00000| Complete 
| 143|0x0000000088f00000, 0x0000000089000000, 0x0000000089000000|100%| E|CS|TAMS 0x0000000088f00000, 0x0000000088f00000| Complete 
| 144|0x0000000089000000, 0x0000000089100000, 0x0000000089100000|100%| E|CS|TAMS 0x0000000089000000, 0x0000000089000000| Complete 
| 145|0x0000000089100000, 0x0000000089200000, 0x0000000089200000|100%| E|CS|TAMS 0x0000000089100000, 0x0000000089100000| Complete 
| 146|0x0000000089200000, 0x0000000089300000, 0x0000000089300000|100%| E|CS|TAMS 0x0000000089200000, 0x0000000089200000| Complete 
| 147|0x0000000089300000, 0x0000000089400000, 0x0000000089400000|100%| E|CS|TAMS 0x0000000089300000, 0x0000000089300000| Complete 
| 148|0x0000000089400000, 0x0000000089500000, 0x0000000089500000|100%| E|CS|TAMS 0x0000000089400000, 0x0000000089400000| Complete 
| 149|0x0000000089500000, 0x0000000089600000, 0x0000000089600000|100%| E|CS|TAMS 0x0000000089500000, 0x0000000089500000| Complete 
| 150|0x0000000089600000, 0x0000000089700000, 0x0000000089700000|100%| E|CS|TAMS 0x0000000089600000, 0x0000000089600000| Complete 
| 151|0x0000000089700000, 0x0000000089800000, 0x0000000089800000|100%| E|CS|TAMS 0x0000000089700000, 0x0000000089700000| Complete 
| 152|0x0000000089800000, 0x0000000089900000, 0x0000000089900000|100%| E|CS|TAMS 0x0000000089800000, 0x0000000089800000| Complete 
| 153|0x0000000089900000, 0x0000000089a00000, 0x0000000089a00000|100%| E|CS|TAMS 0x0000000089900000, 0x0000000089900000| Complete 

Card table byte_map: [0x000001cb18e30000,0x000001cb19230000] _byte_map_base: 0x000001cb18a30000

Marking Bits (Prev, Next): (CMBitMap*) 0x000001cb05f6ee18, (CMBitMap*) 0x000001cb05f6ee50
 Prev Bits: [0x000001cb19630000, 0x000001cb1b630000)
 Next Bits: [0x000001cb1b630000, 0x000001cb1d630000)

Polling page: 0x000001cb03ed0000

Metaspace:

Usage:
  Non-class:     42.12 MB capacity,    41.42 MB ( 98%) used,   594.78 KB (  1%) free+waste,   127.00 KB ( <1%) overhead. 
      Class:      6.50 MB capacity,     6.04 MB ( 93%) used,   411.27 KB (  6%) free+waste,    60.38 KB ( <1%) overhead. 
       Both:     48.62 MB capacity,    47.46 MB ( 98%) used,  1006.05 KB (  2%) free+waste,   187.38 KB ( <1%) overhead. 

Virtual space:
  Non-class space:       44.00 MB reserved,      42.12 MB ( 96%) committed 
      Class space:        1.00 GB reserved,       6.63 MB ( <1%) committed 
             Both:        1.04 GB reserved,      48.75 MB (  5%) committed 

Chunk freelists:
   Non-Class:  0 bytes
       Class:  1.00 KB
        Both:  1.00 KB

MaxMetaspaceSize: 17179869184.00 GB
CompressedClassSpaceSize: 1.00 GB

CodeHeap 'non-profiled nmethods': size=120064Kb used=2932Kb max_used=2932Kb free=117131Kb
 bounds [0x000001cb114f0000, 0x000001cb117d0000, 0x000001cb18a30000]
CodeHeap 'profiled nmethods': size=120000Kb used=11196Kb max_used=11196Kb free=108803Kb
 bounds [0x000001cb09fc0000, 0x000001cb0aab0000, 0x000001cb114f0000]
CodeHeap 'non-nmethods': size=5696Kb used=2217Kb max_used=2260Kb free=3478Kb
 bounds [0x000001cb09a30000, 0x000001cb09ca0000, 0x000001cb09fc0000]
 total_blobs=6218 nmethods=5430 adapters=699
 compilation: enabled
              stopped_count=0, restarted_count=0
 full_count=0

Compilation events (20 events):
Event: 35.689 Thread 0x000001cb1fb5c800 5439       1       java.io.ObjectStreamField::getName (5 bytes)
Event: 35.689 Thread 0x000001cb1fb5c800 nmethod 5439 0x000001cb117cd090 code [0x000001cb117cd240, 0x000001cb117cd2f8]
Event: 35.690 Thread 0x000001cb1fb5c800 5440       3       sun.nio.fs.WindowsPath::compareTo (118 bytes)
Event: 35.693 Thread 0x000001cb1fb5c800 nmethod 5440 0x000001cb0aaa6690 code [0x000001cb0aaa69e0, 0x000001cb0aaa7ea8]
Event: 35.695 Thread 0x000001cb1fb5c800 5442       3       java.lang.Class::searchMethods (104 bytes)
Event: 35.697 Thread 0x000001cb1fb5c800 nmethod 5442 0x000001cb0aaa8890 code [0x000001cb0aaa8b00, 0x000001cb0aaa9538]
Event: 35.697 Thread 0x000001cb1fb5c800 5443       3       java.io.ObjectStreamField::getSignature (39 bytes)
Event: 35.697 Thread 0x000001cb1fb5c800 nmethod 5443 0x000001cb0aaa9990 code [0x000001cb0aaa9ba0, 0x000001cb0aaaa028]
Event: 35.701 Thread 0x000001cb1fb5c800 5444       3       java.io.ObjectStreamField::getTypeCode (9 bytes)
Event: 35.702 Thread 0x000001cb1fb5c800 nmethod 5444 0x000001cb0aaaa210 code [0x000001cb0aaaa440, 0x000001cb0aaaaa28]
Event: 35.703 Thread 0x000001cb1fb5c800 5445       3       java.io.ObjectStreamClass::requireInitialized (18 bytes)
Event: 35.703 Thread 0x000001cb1fb5c800 nmethod 5445 0x000001cb0aaaac90 code [0x000001cb0aaaae60, 0x000001cb0aaab068]
Event: 35.704 Thread 0x000001cb1fb5c800 5446       3       java.io.ObjectOutputStream$HandleTable::hash (8 bytes)
Event: 35.704 Thread 0x000001cb1fb5c800 nmethod 5446 0x000001cb0aaab190 code [0x000001cb0aaab340, 0x000001cb0aaab468]
Event: 35.704 Thread 0x000001cb1fb5c800 5447       3       java.io.ObjectOutputStream$BlockDataOutputStream::writeByte (33 bytes)
Event: 35.704 Thread 0x000001cb1fb5c800 nmethod 5447 0x000001cb0aaab510 code [0x000001cb0aaab6e0, 0x000001cb0aaab8a8]
Event: 35.708 Thread 0x000001cb1fb5c800 5448       3       org.gradle.internal.instantiation.generator.AbstractClassGenerator$ClassGenerationHandler::hasFields (1 bytes)
Event: 35.708 Thread 0x000001cb1fb5c800 nmethod 5448 0x000001cb0aaab990 code [0x000001cb0aaabb40, 0x000001cb0aaabc38]
Event: 35.716 Thread 0x000001cb1fb5c800 5450       3       org.codehaus.groovy.reflection.CachedClass::getNewMetaMethods (166 bytes)
Event: 35.718 Thread 0x000001cb1fb5c800 nmethod 5450 0x000001cb0aaabd10 code [0x000001cb0aaac040, 0x000001cb0aaad3a8]

GC Heap History (20 events):
Event: 1.934 GC heap before
{Heap before GC invocations=0 (full 0):
 garbage-first heap   total 131072K, used 20480K [0x0000000080000000, 0x0000000100000000)
  region size 1024K, 14 young (14336K), 0 survivors (0K)
 Metaspace       used 6750K, capacity 6929K, committed 7168K, reserved 1056768K
  class space    used 582K, capacity 650K, committed 768K, reserved 1048576K
}
Event: 1.970 GC heap after
{Heap after GC invocations=1 (full 0):
 garbage-first heap   total 131072K, used 7886K [0x0000000080000000, 0x0000000100000000)
  region size 1024K, 2 young (2048K), 2 survivors (2048K)
 Metaspace       used 6750K, capacity 6929K, committed 7168K, reserved 1056768K
  class space    used 582K, capacity 650K, committed 768K, reserved 1048576K
}
Event: 2.879 GC heap before
{Heap before GC invocations=1 (full 0):
 garbage-first heap   total 131072K, used 20174K [0x0000000080000000, 0x0000000100000000)
  region size 1024K, 14 young (14336K), 2 survivors (2048K)
 Metaspace       used 9907K, capacity 10122K, committed 10368K, reserved 1058816K
  class space    used 1028K, capacity 1102K, committed 1152K, reserved 1048576K
}
Event: 2.884 GC heap after
{Heap after GC invocations=2 (full 0):
 garbage-first heap   total 131072K, used 9707K [0x0000000080000000, 0x0000000100000000)
  region size 1024K, 2 young (2048K), 2 survivors (2048K)
 Metaspace       used 9907K, capacity 10122K, committed 10368K, reserved 1058816K
  class space    used 1028K, capacity 1102K, committed 1152K, reserved 1048576K
}
Event: 4.136 GC heap before
{Heap before GC invocations=2 (full 0):
 garbage-first heap   total 131072K, used 39403K [0x0000000080000000, 0x0000000100000000)
  region size 1024K, 30 young (30720K), 2 survivors (2048K)
 Metaspace       used 10845K, capacity 11077K, committed 11264K, reserved 1058816K
  class space    used 1131K, capacity 1207K, committed 1280K, reserved 1048576K
}
Event: 4.140 GC heap after
{Heap after GC invocations=3 (full 0):
 garbage-first heap   total 131072K, used 12613K [0x0000000080000000, 0x0000000100000000)
  region size 1024K, 4 young (4096K), 4 survivors (4096K)
 Metaspace       used 10845K, capacity 11077K, committed 11264K, reserved 1058816K
  class space    used 1131K, capacity 1207K, committed 1280K, reserved 1048576K
}
Event: 7.564 GC heap before
{Heap before GC invocations=3 (full 0):
 garbage-first heap   total 131072K, used 54597K [0x0000000080000000, 0x0000000100000000)
  region size 1024K, 45 young (46080K), 4 survivors (4096K)
 Metaspace       used 17594K, capacity 17994K, committed 18176K, reserved 1064960K
  class space    used 2070K, capacity 2217K, committed 2304K, reserved 1048576K
}
Event: 7.604 GC heap after
{Heap after GC invocations=4 (full 0):
 garbage-first heap   total 131072K, used 16494K [0x0000000080000000, 0x0000000100000000)
  region size 1024K, 6 young (6144K), 6 survivors (6144K)
 Metaspace       used 17594K, capacity 17994K, committed 18176K, reserved 1064960K
  class space    used 2070K, capacity 2217K, committed 2304K, reserved 1048576K
}
Event: 8.491 GC heap before
{Heap before GC invocations=4 (full 0):
 garbage-first heap   total 131072K, used 43118K [0x0000000080000000, 0x0000000100000000)
  region size 1024K, 33 young (33792K), 6 survivors (6144K)
 Metaspace       used 20684K, capacity 21106K, committed 21296K, reserved 1069056K
  class space    used 2529K, capacity 2658K, committed 2688K, reserved 1048576K
}
Event: 8.510 GC heap after
{Heap after GC invocations=5 (full 0):
 garbage-first heap   total 131072K, used 17434K [0x0000000080000000, 0x0000000100000000)
  region size 1024K, 5 young (5120K), 5 survivors (5120K)
 Metaspace       used 20684K, capacity 21106K, committed 21296K, reserved 1069056K
  class space    used 2529K, capacity 2658K, committed 2688K, reserved 1048576K
}
Event: 11.257 GC heap before
{Heap before GC invocations=6 (full 0):
 garbage-first heap   total 131072K, used 66586K [0x0000000080000000, 0x0000000100000000)
  region size 1024K, 53 young (54272K), 5 survivors (5120K)
 Metaspace       used 25712K, capacity 26287K, committed 26544K, reserved 1073152K
  class space    used 3339K, capacity 3540K, committed 3584K, reserved 1048576K
}
Event: 11.271 GC heap after
{Heap after GC invocations=7 (full 0):
 garbage-first heap   total 131072K, used 19531K [0x0000000080000000, 0x0000000100000000)
  region size 1024K, 3 young (3072K), 3 survivors (3072K)
 Metaspace       used 25712K, capacity 26287K, committed 26544K, reserved 1073152K
  class space    used 3339K, capacity 3540K, committed 3584K, reserved 1048576K
}
Event: 16.515 GC heap before
{Heap before GC invocations=7 (full 0):
 garbage-first heap   total 131072K, used 74827K [0x0000000080000000, 0x0000000100000000)
  region size 1024K, 57 young (58368K), 3 survivors (3072K)
 Metaspace       used 31651K, capacity 32350K, committed 32688K, reserved 1077248K
  class space    used 4220K, capacity 4502K, committed 4608K, reserved 1048576K
}
Event: 16.527 GC heap after
{Heap after GC invocations=8 (full 0):
 garbage-first heap   total 131072K, used 21800K [0x0000000080000000, 0x0000000100000000)
  region size 1024K, 6 young (6144K), 6 survivors (6144K)
 Metaspace       used 31651K, capacity 32350K, committed 32688K, reserved 1077248K
  class space    used 4220K, capacity 4502K, committed 4608K, reserved 1048576K
}
Event: 17.446 GC heap before
{Heap before GC invocations=8 (full 0):
 garbage-first heap   total 131072K, used 28968K [0x0000000080000000, 0x0000000100000000)
  region size 1024K, 14 young (14336K), 6 survivors (6144K)
 Metaspace       used 34865K, capacity 35648K, committed 35708K, reserved 1081344K
  class space    used 4528K, capacity 4857K, committed 4864K, reserved 1048576K
}
Event: 17.468 GC heap after
{Heap after GC invocations=9 (full 0):
 garbage-first heap   total 131072K, used 23273K [0x0000000080000000, 0x0000000100000000)
  region size 1024K, 4 young (4096K), 4 survivors (4096K)
 Metaspace       used 34865K, capacity 35648K, committed 35708K, reserved 1081344K
  class space    used 4528K, capacity 4857K, committed 4864K, reserved 1048576K
}
Event: 21.669 GC heap before
{Heap before GC invocations=10 (full 0):
 garbage-first heap   total 131072K, used 86761K [0x0000000080000000, 0x0000000100000000)
  region size 1024K, 64 young (65536K), 4 survivors (4096K)
 Metaspace       used 39423K, capacity 40315K, committed 40572K, reserved 1085440K
  class space    used 5042K, capacity 5361K, committed 5376K, reserved 1048576K
}
Event: 21.735 GC heap after
{Heap after GC invocations=11 (full 0):
 garbage-first heap   total 157696K, used 28119K [0x0000000080000000, 0x0000000100000000)
  region size 1024K, 8 young (8192K), 8 survivors (8192K)
 Metaspace       used 39423K, capacity 40315K, committed 40572K, reserved 1085440K
  class space    used 5042K, capacity 5361K, committed 5376K, reserved 1048576K
}
Event: 29.415 GC heap before
{Heap before GC invocations=11 (full 0):
 garbage-first heap   total 157696K, used 99799K [0x0000000080000000, 0x0000000100000000)
  region size 1024K, 78 young (79872K), 8 survivors (8192K)
 Metaspace       used 46023K, capacity 47107K, committed 47228K, reserved 1089536K
  class space    used 5897K, capacity 6294K, committed 6400K, reserved 1048576K
}
Event: 29.437 GC heap after
{Heap after GC invocations=12 (full 0):
 garbage-first heap   total 157696K, used 30521K [0x0000000080000000, 0x0000000100000000)
  region size 1024K, 7 young (7168K), 7 survivors (7168K)
 Metaspace       used 46023K, capacity 47107K, committed 47228K, reserved 1089536K
  class space    used 5897K, capacity 6294K, committed 6400K, reserved 1048576K
}

Deoptimization events (20 events):
Event: 34.981 Thread 0x000001cb21be5800 DEOPT PACKING pc=0x000001cb0aa4ba2a sp=0x0000003c830f16f0
Event: 34.981 Thread 0x000001cb21be5800 DEOPT UNPACKING pc=0x000001cb09a56dde sp=0x0000003c830f0cc8 mode 0
Event: 35.076 Thread 0x000001cb21be5800 DEOPT PACKING pc=0x000001cb0aa4ba2a sp=0x0000003c830f16f0
Event: 35.076 Thread 0x000001cb21be5800 DEOPT UNPACKING pc=0x000001cb09a56dde sp=0x0000003c830f0cc8 mode 0
Event: 35.155 Thread 0x000001cb21be5800 DEOPT PACKING pc=0x000001cb0aa4ba2a sp=0x0000003c830f1560
Event: 35.155 Thread 0x000001cb21be5800 DEOPT UNPACKING pc=0x000001cb09a56dde sp=0x0000003c830f0b38 mode 0
Event: 35.238 Thread 0x000001cb21be5800 DEOPT PACKING pc=0x000001cb0aa4ba2a sp=0x0000003c830f1560
Event: 35.238 Thread 0x000001cb21be5800 DEOPT UNPACKING pc=0x000001cb09a56dde sp=0x0000003c830f0b38 mode 0
Event: 35.357 Thread 0x000001cb21be5800 Uncommon trap: trap_request=0xffffff4d fr.pc=0x000001cb11722da8 relative=0x0000000000002388
Event: 35.357 Thread 0x000001cb21be5800 Uncommon trap: reason=unstable_if action=reinterpret pc=0x000001cb11722da8 method=org.codehaus.groovy.reflection.CachedMethod.compareToMethod(Ljava/lang/reflect/Method;)I @ 71 c2
Event: 35.357 Thread 0x000001cb21be5800 DEOPT PACKING pc=0x000001cb11722da8 sp=0x0000003c830f93f0
Event: 35.357 Thread 0x000001cb21be5800 DEOPT UNPACKING pc=0x000001cb09a5662f sp=0x0000003c830f9268 mode 2
Event: 35.640 Thread 0x000001cb21be5800 Uncommon trap: trap_request=0xffffff4d fr.pc=0x000001cb116da29c relative=0x000000000000007c
Event: 35.640 Thread 0x000001cb21be5800 Uncommon trap: reason=unstable_if action=reinterpret pc=0x000001cb116da29c method=java.util.Spliterator.getExactSizeIfKnown()J @ 9 c2
Event: 35.640 Thread 0x000001cb21be5800 DEOPT PACKING pc=0x000001cb116da29c sp=0x0000003c830facc0
Event: 35.640 Thread 0x000001cb21be5800 DEOPT UNPACKING pc=0x000001cb09a5662f sp=0x0000003c830fac58 mode 2
Event: 35.645 Thread 0x000001cb21be5800 Uncommon trap: trap_request=0xffffffc6 fr.pc=0x000001cb116c438c relative=0x0000000000003bec
Event: 35.645 Thread 0x000001cb21be5800 Uncommon trap: reason=bimorphic_or_optimized_type_check action=maybe_recompile pc=0x000001cb116c438c method=java.util.AbstractCollection.addAll(Ljava/util/Collection;)Z @ 29 c2
Event: 35.645 Thread 0x000001cb21be5800 DEOPT PACKING pc=0x000001cb116c438c sp=0x0000003c830fb7c0
Event: 35.645 Thread 0x000001cb21be5800 DEOPT UNPACKING pc=0x000001cb09a5662f sp=0x0000003c830fb7c0 mode 2

Classes redefined (0 events):
No events

Internal exceptions (20 events):
Event: 35.352 Thread 0x000001cb21be5800 Exception <a 'java/lang/ClassNotFoundException'{0x00000000866ba628}: org/gradle/api/internal/project/DefaultProject_DecoratedCustomizer> (0x00000000866ba628) thrown at [./src/hotspot/share/classfile/systemDictionary.cpp, line 231]
Event: 35.526 Thread 0x000001cb21be5800 Exception <a 'java/lang/ClassNotFoundException'{0x000000008622c158}: org/gradle/api/tasks/Delete_DecoratedBeanInfo> (0x000000008622c158) thrown at [./src/hotspot/share/classfile/systemDictionary.cpp, line 231]
Event: 35.529 Thread 0x000001cb21be5800 Exception <a 'java/lang/ClassNotFoundException'{0x0000000086255bc8}: org/gradle/api/tasks/DeleteBeanInfo> (0x0000000086255bc8) thrown at [./src/hotspot/share/classfile/systemDictionary.cpp, line 231]
Event: 35.531 Thread 0x000001cb21be5800 Exception <a 'java/lang/ClassNotFoundException'{0x0000000086282f68}: org/gradle/api/internal/ConventionTaskBeanInfo> (0x0000000086282f68) thrown at [./src/hotspot/share/classfile/systemDictionary.cpp, line 231]
Event: 35.533 Thread 0x000001cb21be5800 Exception <a 'java/lang/ClassNotFoundException'{0x00000000862ac918}: org/gradle/api/DefaultTaskBeanInfo> (0x00000000862ac918) thrown at [./src/hotspot/share/classfile/systemDictionary.cpp, line 231]
Event: 35.534 Thread 0x000001cb21be5800 Exception <a 'java/lang/ClassNotFoundException'{0x00000000862da1b8}: org/gradle/api/internal/AbstractTaskBeanInfo> (0x00000000862da1b8) thrown at [./src/hotspot/share/classfile/systemDictionary.cpp, line 231]
Event: 35.536 Thread 0x000001cb21be5800 Exception <a 'java/lang/ClassNotFoundException'{0x00000000861086b0}: org/gradle/api/internal/AbstractTaskCustomizer> (0x00000000861086b0) thrown at [./src/hotspot/share/classfile/systemDictionary.cpp, line 231]
Event: 35.543 Thread 0x000001cb21be5800 Exception <a 'java/lang/ClassNotFoundException'{0x000000008617ab90}: org/gradle/api/DefaultTaskCustomizer> (0x000000008617ab90) thrown at [./src/hotspot/share/classfile/systemDictionary.cpp, line 231]
Event: 35.559 Thread 0x000001cb21be5800 Exception <a 'java/lang/ClassNotFoundException'{0x00000000861fc618}: org/gradle/api/internal/ConventionTaskCustomizer> (0x00000000861fc618) thrown at [./src/hotspot/share/classfile/systemDictionary.cpp, line 231]
Event: 35.562 Thread 0x000001cb21be5800 Exception <a 'java/lang/ClassNotFoundException'{0x0000000086034b40}: org/gradle/api/tasks/DeleteCustomizer> (0x0000000086034b40) thrown at [./src/hotspot/share/classfile/systemDictionary.cpp, line 231]
Event: 35.571 Thread 0x000001cb21be5800 Exception <a 'java/lang/ClassNotFoundException'{0x0000000086073f20}: org/gradle/api/tasks/Delete_DecoratedCustomizer> (0x0000000086073f20) thrown at [./src/hotspot/share/classfile/systemDictionary.cpp, line 231]
Event: 35.638 Thread 0x000001cb21be5800 Exception <a 'java/lang/NoSuchMethodError'{0x0000000085f87568}: 'long java.lang.invoke.DirectMethodHandle$Holder.invokeVirtual(java.lang.Object, java.lang.Object)'> (0x0000000085f87568) thrown at [./src/hotspot/share/interpreter/linkResolver.cpp, line 773]
Event: 35.670 Thread 0x000001cb22bfd800 Exception <a 'java/lang/NoSuchMethodError'{0x000000008998acf8}: <clinit>> (0x000000008998acf8) thrown at [./src/hotspot/share/prims/jni.cpp, line 1362]
Event: 35.682 Thread 0x000001cb22bfd800 Exception <a 'java/lang/NoSuchMethodError'{0x0000000085e1b540}: <clinit>> (0x0000000085e1b540) thrown at [./src/hotspot/share/prims/jni.cpp, line 1362]
Event: 35.683 Thread 0x000001cb22bfd800 Exception <a 'java/lang/NoSuchMethodError'{0x0000000085e1c650}: <clinit>> (0x0000000085e1c650) thrown at [./src/hotspot/share/prims/jni.cpp, line 1362]
Event: 35.683 Thread 0x000001cb22bfd800 Exception <a 'java/lang/NoSuchMethodError'{0x0000000085e1d958}: <clinit>> (0x0000000085e1d958) thrown at [./src/hotspot/share/prims/jni.cpp, line 1362]
Event: 35.683 Thread 0x000001cb22bfd800 Exception <a 'java/lang/NoSuchMethodError'{0x0000000085e1e978}: <clinit>> (0x0000000085e1e978) thrown at [./src/hotspot/share/prims/jni.cpp, line 1362]
Event: 35.693 Thread 0x000001cb22bfd800 Exception <a 'java/lang/NoSuchMethodError'{0x0000000085e30f00}: <clinit>> (0x0000000085e30f00) thrown at [./src/hotspot/share/prims/jni.cpp, line 1362]
Event: 35.697 Thread 0x000001cb22bfd800 Exception <a 'java/lang/NoSuchMethodError'{0x0000000085e3b478}: <clinit>> (0x0000000085e3b478) thrown at [./src/hotspot/share/prims/jni.cpp, line 1362]
Event: 35.701 Thread 0x000001cb22bfd800 Exception <a 'java/lang/NoSuchMethodError'{0x0000000085e4edc0}: <clinit>> (0x0000000085e4edc0) thrown at [./src/hotspot/share/prims/jni.cpp, line 1362]

Events (20 events):
Event: 35.638 loading class org/gradle/tooling/internal/provider/runner/ClientForwardingProjectConfigurationOperationListener$PluginApplicationResult
Event: 35.638 loading class org/gradle/tooling/internal/provider/runner/ClientForwardingProjectConfigurationOperationListener$PluginApplicationResult done
Event: 35.639 loading class org/gradle/tooling/internal/protocol/events/InternalProjectConfigurationResult$InternalPluginApplicationResult
Event: 35.639 loading class org/gradle/tooling/internal/protocol/events/InternalProjectConfigurationResult$InternalPluginApplicationResult done
Event: 35.639 loading class org/gradle/tooling/internal/provider/runner/ClientForwardingProjectConfigurationOperationListener$PluginApplicationResult
Event: 35.639 loading class org/gradle/tooling/internal/provider/runner/ClientForwardingProjectConfigurationOperationListener$PluginApplicationResult done
Event: 35.640 loading class org/gradle/internal/build/event/types/DefaultPluginApplicationResult
Event: 35.640 loading class org/gradle/internal/build/event/types/DefaultPluginApplicationResult done
Event: 35.642 loading class org/gradle/internal/build/event/types/DefaultOperationFinishedProgressEvent
Event: 35.642 loading class org/gradle/internal/build/event/types/DefaultOperationFinishedProgressEvent done
Event: 35.643 loading class org/gradle/api/internal/project/DefaultCrossProjectModelAccess
Event: 35.643 loading class org/gradle/api/internal/project/DefaultCrossProjectModelAccess done
Event: 35.644 loading class org/gradle/internal/Factory
Event: 35.644 loading class org/gradle/internal/Factory done
Event: 35.677 Executing VM operation: BulkRevokeBias
Event: 35.681 Executing VM operation: BulkRevokeBias done
Event: 35.698 loading class java/time/Ser
Event: 35.698 loading class java/time/Ser done
Event: 35.713 loading class groovy/runtime/metaclass/build_1dj7hq4ii8rvadloixh604l1jMetaClass
Event: 35.713 loading class groovy/runtime/metaclass/build_1dj7hq4ii8rvadloixh604l1jMetaClass done


Dynamic libraries:
0x00007ff6a9a90000 - 0x00007ff6a9a9a000 	C:\Program Files\Android\Android Studio\jre\bin\java.exe
0x00007fffe39d0000 - 0x00007fffe3bc5000 	C:\Windows\SYSTEM32\ntdll.dll
0x00007fffe1a30000 - 0x00007fffe1aee000 	C:\Windows\System32\KERNEL32.DLL
0x00007fffe12d0000 - 0x00007fffe1598000 	C:\Windows\System32\KERNELBASE.dll
0x00007fffe17e0000 - 0x00007fffe18e0000 	C:\Windows\System32\ucrtbase.dll
0x00007fff5f0a0000 - 0x00007fff5f0b9000 	C:\Program Files\Android\Android Studio\jre\bin\jli.dll
0x00007fff5e960000 - 0x00007fff5e977000 	C:\Program Files\Android\Android Studio\jre\bin\VCRUNTIME140.dll
0x00007fffe2d80000 - 0x00007fffe2f20000 	C:\Windows\System32\USER32.dll
0x00007fffe10f0000 - 0x00007fffe1112000 	C:\Windows\System32\win32u.dll
0x00007fffd3e00000 - 0x00007fffd409a000 	C:\Windows\WinSxS\amd64_microsoft.windows.common-controls_6595b64144ccf1df_6.0.19041.1110_none_60b5254171f9507e\COMCTL32.dll
0x00007fffe1bb0000 - 0x00007fffe1bdb000 	C:\Windows\System32\GDI32.dll
0x00007fffe2af0000 - 0x00007fffe2b8e000 	C:\Windows\System32\msvcrt.dll
0x00007fffe16a0000 - 0x00007fffe17ab000 	C:\Windows\System32\gdi32full.dll
0x00007fffe1990000 - 0x00007fffe1a2d000 	C:\Windows\System32\msvcp_win.dll
0x00007fffe3010000 - 0x00007fffe3040000 	C:\Windows\System32\IMM32.DLL
0x00007fff5d280000 - 0x00007fff5d31d000 	C:\Program Files\Android\Android Studio\jre\bin\msvcp140.dll
0x00007fff448d0000 - 0x00007fff453a5000 	C:\Program Files\Android\Android Studio\jre\bin\server\jvm.dll
0x00007fffe2a40000 - 0x00007fffe2aee000 	C:\Windows\System32\ADVAPI32.dll
0x00007fffe29a0000 - 0x00007fffe2a3c000 	C:\Windows\System32\sechost.dll
0x00007fffe3700000 - 0x00007fffe3825000 	C:\Windows\System32\RPCRT4.dll
0x00007fffe1af0000 - 0x00007fffe1af8000 	C:\Windows\System32\PSAPI.DLL
0x00007fffcabc0000 - 0x00007fffcabc9000 	C:\Windows\SYSTEM32\WSOCK32.dll
0x00007fffd46f0000 - 0x00007fffd4717000 	C:\Windows\SYSTEM32\WINMM.dll
0x00007fffe2d10000 - 0x00007fffe2d7b000 	C:\Windows\System32\WS2_32.dll
0x00007fffd5750000 - 0x00007fffd575a000 	C:\Windows\SYSTEM32\VERSION.dll
0x00007fffdef10000 - 0x00007fffdef22000 	C:\Windows\SYSTEM32\kernel.appcore.dll
0x00007fff782c0000 - 0x00007fff782d1000 	C:\Program Files\Android\Android Studio\jre\bin\verify.dll
0x00007fffc9240000 - 0x00007fffc9424000 	C:\Windows\SYSTEM32\DBGHELP.DLL
0x00007fffc91b0000 - 0x00007fffc91dc000 	C:\Windows\SYSTEM32\dbgcore.DLL
0x00007fffe1610000 - 0x00007fffe1692000 	C:\Windows\System32\bcryptPrimitives.dll
0x00007fff78230000 - 0x00007fff78259000 	C:\Program Files\Android\Android Studio\jre\bin\java.dll
0x00007fffc2390000 - 0x00007fffc239b000 	C:\Program Files\Android\Android Studio\jre\bin\jimage.dll
0x00007fff78210000 - 0x00007fff78228000 	C:\Program Files\Android\Android Studio\jre\bin\zip.dll
0x00007fffe1be0000 - 0x00007fffe2324000 	C:\Windows\System32\SHELL32.dll
0x00007fffdf200000 - 0x00007fffdf994000 	C:\Windows\SYSTEM32\windows.storage.dll
0x00007fffe25b0000 - 0x00007fffe2904000 	C:\Windows\System32\combase.dll
0x00007fffe0b50000 - 0x00007fffe0b7c000 	C:\Windows\SYSTEM32\Wldp.dll
0x00007fffe1b00000 - 0x00007fffe1bad000 	C:\Windows\System32\SHCORE.dll
0x00007fffe2fb0000 - 0x00007fffe3005000 	C:\Windows\System32\shlwapi.dll
0x00007fffe1030000 - 0x00007fffe104f000 	C:\Windows\SYSTEM32\profapi.dll
0x00007fff781f0000 - 0x00007fff7820a000 	C:\Program Files\Android\Android Studio\jre\bin\net.dll
0x00007fffd38e0000 - 0x00007fffd39e9000 	C:\Windows\SYSTEM32\WINHTTP.dll
0x00007fffe08b0000 - 0x00007fffe091a000 	C:\Windows\system32\mswsock.dll
0x00007fff781d0000 - 0x00007fff781e4000 	C:\Program Files\Android\Android Studio\jre\bin\nio.dll
0x00007fff63c50000 - 0x00007fff63c77000 	C:\Users\Noureddine\.gradle\native\e1d6ef7f7dcc3fd88c89a11ec53ec762bb8ba0a96d01ffa2cd45eb1d1d8dd5c5\windows-amd64\native-platform.dll
0x00007fff5c0a0000 - 0x00007fff5c1e4000 	C:\Users\Noureddine\.gradle\native\5664cfc778a61ccfe75a443a1ab52a65af34e5dc3c78e0209fed803814484fcb\windows-amd64\native-platform-file-events.dll
0x00007fff782b0000 - 0x00007fff782ba000 	C:\Program Files\Android\Android Studio\jre\bin\management.dll
0x00007fff5fb50000 - 0x00007fff5fb5d000 	C:\Program Files\Android\Android Studio\jre\bin\management_ext.dll
0x00007fffe0aa0000 - 0x00007fffe0ab8000 	C:\Windows\SYSTEM32\CRYPTSP.dll
0x00007fffe01c0000 - 0x00007fffe01f4000 	C:\Windows\system32\rsaenh.dll
0x00007fffe17b0000 - 0x00007fffe17d7000 	C:\Windows\System32\bcrypt.dll
0x00007fffe0ff0000 - 0x00007fffe101e000 	C:\Windows\SYSTEM32\USERENV.dll
0x00007fffe0ac0000 - 0x00007fffe0acc000 	C:\Windows\SYSTEM32\CRYPTBASE.dll
0x00007fffe0550000 - 0x00007fffe058b000 	C:\Windows\SYSTEM32\IPHLPAPI.DLL
0x00007fffe3980000 - 0x00007fffe3988000 	C:\Windows\System32\NSI.dll
0x00007fffd5af0000 - 0x00007fffd5b07000 	C:\Windows\SYSTEM32\dhcpcsvc6.DLL
0x00007fffd5d90000 - 0x00007fffd5dad000 	C:\Windows\SYSTEM32\dhcpcsvc.DLL
0x00007fffe05a0000 - 0x00007fffe066a000 	C:\Windows\SYSTEM32\DNSAPI.dll

dbghelp: loaded successfully - version: 4.0.5 - missing functions: none
symbol engine: initialized successfully - sym options: 0x614 - pdb path: .;C:\Program Files\Android\Android Studio\jre\bin;C:\Windows\SYSTEM32;C:\Windows\WinSxS\amd64_microsoft.windows.common-controls_6595b64144ccf1df_6.0.19041.1110_none_60b5254171f9507e;C:\Program Files\Android\Android Studio\jre\bin\server;C:\Users\Noureddine\.gradle\native\e1d6ef7f7dcc3fd88c89a11ec53ec762bb8ba0a96d01ffa2cd45eb1d1d8dd5c5\windows-amd64;C:\Users\Noureddine\.gradle\native\5664cfc778a61ccfe75a443a1ab52a65af34e5dc3c78e0209fed803814484fcb\windows-amd64

VM Arguments:
jvm_args: --add-opens=java.base/java.util=ALL-UNNAMED --add-opens=java.base/java.lang=ALL-UNNAMED --add-opens=java.base/java.lang.invoke=ALL-UNNAMED --add-opens=java.base/java.util=ALL-UNNAMED --add-opens=java.prefs/java.util.prefs=ALL-UNNAMED --add-opens=java.prefs/java.util.prefs=ALL-UNNAMED --add-opens=java.base/java.nio.charset=ALL-UNNAMED --add-opens=java.base/java.net=ALL-UNNAMED --add-opens=java.base/java.util.concurrent.atomic=ALL-UNNAMED -Xmx2048m -Dfile.encoding=UTF-8 -Duser.country=US -Duser.language=en -Duser.variant 
java_command: org.gradle.launcher.daemon.bootstrap.GradleDaemon 7.2
java_class_path (initial): C:\Users\Noureddine\.gradle\wrapper\dists\gradle-7.2-bin\2dnblmf4td7x66yl1d74lt32g\gradle-7.2\lib\gradle-launcher-7.2.jar
Launcher Type: SUN_STANDARD

[Global flags]
     intx CICompilerCount                          = 3                                         {product} {ergonomic}
     uint ConcGCThreads                            = 1                                         {product} {ergonomic}
     uint G1ConcRefinementThreads                  = 4                                         {product} {ergonomic}
   size_t G1HeapRegionSize                         = 1048576                                   {product} {ergonomic}
    uintx GCDrainStackTargetSize                   = 64                                        {product} {ergonomic}
   size_t InitialHeapSize                          = 134217728                                 {product} {ergonomic}
   size_t MarkStackSize                            = 4194304                                   {product} {ergonomic}
   size_t MaxHeapSize                              = 2147483648                                {product} {command line}
   size_t MaxNewSize                               = 1287651328                                {product} {ergonomic}
   size_t MinHeapDeltaBytes                        = 1048576                                   {product} {ergonomic}
    uintx NonNMethodCodeHeapSize                   = 5830732                                {pd product} {ergonomic}
    uintx NonProfiledCodeHeapSize                  = 122913754                              {pd product} {ergonomic}
    uintx ProfiledCodeHeapSize                     = 122913754                              {pd product} {ergonomic}
    uintx ReservedCodeCacheSize                    = 251658240                              {pd product} {ergonomic}
     bool SegmentedCodeCache                       = true                                      {product} {ergonomic}
     bool UseCompressedClassPointers               = true                                 {lp64_product} {ergonomic}
     bool UseCompressedOops                        = true                                 {lp64_product} {ergonomic}
     bool UseG1GC                                  = true                                      {product} {ergonomic}
     bool UseLargePagesIndividualAllocation        = false                                  {pd product} {ergonomic}

Logging:
Log output configuration:
 #0: stdout all=warning uptime,level,tags
 #1: stderr all=off uptime,level,tags

Environment Variables:
PATH=C:\Program Files\Microsoft\jdk-11.0.12.7-hotspot\bin;C:\oraclexe\app\oracle\product\11.2.0\server\bin;C:\Windows\system32;C:\Windows;C:\Windows\System32\Wbem;C:\Windows\System32\WindowsPowerShell\v1.0\;C:\Windows\System32\OpenSSH\;C:\Program Files\Microsoft SQL Server\150\Tools\Binn\;C:\Program Files\Microsoft SQL Server\Client SDK\ODBC\170\Tools\Binn\;C:\Program Files\Microsoft SQL Server\130\Tools\Binn\;C:\Program Files\dotnet\;C:\Program Files (x86)\Microsoft SQL Server\150\Tools\Binn\;C:\Program Files\Microsoft SQL Server\150\DTS\Binn\;C:\Program Files\Git\cmd;C:\Users\Noureddine\AppData\Local\Microsoft\WindowsApps;C:\Program Files\JetBrains\DataGrip 2021.2.4\bin;;C:\Users\Noureddine\.dotnet\tools;C:\Program Files\JetBrains\JetBrains Rider 2021.3.2\bin;
USERNAME=Noureddine
OS=Windows_NT
PROCESSOR_IDENTIFIER=Intel64 Family 6 Model 61 Stepping 4, GenuineIntel



---------------  S Y S T E M  ---------------

OS: Windows 10 , 64 bit Build 19041 (10.0.19041.1566)
OS uptime: 0 days 13:16 hours

CPU:total 4 (initial active 4) (2 cores per cpu, 2 threads per core) family 6 model 61 stepping 4 microcode 0x2f, cmov, cx8, fxsr, mmx, sse, sse2, sse3, ssse3, sse4.1, sse4.2, popcnt, avx, avx2, aes, clmul, erms, rtm, 3dnowpref, lzcnt, ht, tsc, tscinvbit, bmi1, bmi2, adx, fma

Memory: 4k page, system-wide physical 8067M (210M free)
TotalPageFile size 23776M (AvailPageFile size 5M)
current process WorkingSet (physical memory assigned to process): 262M, peak: 262M
current process commit charge ("private bytes"): 346M, peak: 347M

vm_info: OpenJDK 64-Bit Server VM (11.0.11+9-b60-7590822) for windows-amd64 JRE (11.0.11+9-b60-7590822), built on Jul 29 2021 21:43:44 by "builder" with MS VC++ 14.0 (VS2015)

END.
